Running on cuda
Using config file named config_combined_bal_aug_valattention with configurations: 
{'layers_to_train': ['layer3', 'layer4', 'fc'], 'output_category': 'combined', 'use_data_augmentation': True, 'batch_size': 64, 'start_learningrate': 0.00021872698162068896, 'n_epochs': 13, 'data_path': 'DD2424_data', 'use_short_data_version': False, 'train_bn_params': False, 'update_bn_estimate': False, 'use_cut_mix': False, 'use_mix_up': False, 'p_augment': 0.5, 'n_optuna_trials': 40, 'use_balanced_dataset': True, 'do_tuning': False, 'depth': 18, 'loss_penalty_weights': [0.7165682266243751, 0.6405727183494808, 0.7783855168576526, 0.8101840966174063, 0.9534520311832951, 0.6405727183494808, 2.210381131135076, 1.7853608405457513, 0.9509103705114361, 0.9283381611051023, 1.2026932109784494, 1.218852582738779, 0.9714348950167252, 1.140169894478087]}
Datasets loaded
Model loaded
Starting epoch 0
	- loss = 0.3579487731169898
  	- val_loss = 0.27459303385181943
  	- acc = (0.40671722409729516, 0.8301046258092143, 0.6184109249262109)
  	- val_acc = (0.5201322115957737, 0.8901842951774597, 0.7051582530140876)
 
Starting epoch 1
	- loss = 0.2699266180339188
  	- val_loss = 0.27215538460073646
  	- acc = (0.5351822444401722, 0.8913866022970196, 0.7132844233685959)
  	- val_acc = (0.5675080135464668, 0.8963191106915473, 0.7319135621190072)
 
Starting epoch 2
	- loss = 0.24001796041742124
  	- val_loss = 0.23364347301479368
  	- acc = (0.5825393224800997, 0.9089439655172413, 0.7457416440527582)
  	- val_acc = (0.5891877010464668, 0.9175530850887299, 0.7533703923225403)
 
Starting epoch 3
	- loss = 0.2159225275325684
  	- val_loss = 0.23653699726465374
  	- acc = (0.6136772427065619, 0.9227810906628299, 0.7682291667387836)
  	- val_acc = (0.5839142635464668, 0.9161858975887298, 0.7500500798225402)
 
Starting epoch 4
	- loss = 0.19834035160587538
  	- val_loss = 0.2401815935107922
  	- acc = (0.6408937213749721, 0.9329317366795618, 0.7869127290002231)
  	- val_acc = (0.6122596159577369, 0.9223257213830948, 0.7672926694154739)
 
Starting epoch 5
	- loss = 0.18475801739007247
  	- val_loss = 0.23495896679594028
  	- acc = (0.6617675655117485, 0.9417212211717928, 0.8017443933417706)
  	- val_acc = (0.6031650647521019, 0.9258112981915474, 0.7644881814718246)
 
Starting epoch 6
	- loss = 0.17711977519921623
  	- val_loss = 0.22768364066409932
  	- acc = (0.6810574388763649, 0.9430283683397809, 0.8120429035539852)
  	- val_acc = (0.6255709141492843, 0.9280999600887299, 0.7768354371190072)
 
Starting epoch 7
	- loss = 0.1664714627160172
  	- val_loss = 0.24317899256301403
  	- acc = (0.697789732968526, 0.9484460072595281, 0.8231178701681148)
  	- val_acc = (0.6043369397521019, 0.9143179088830948, 0.7593274235725402)
 
Starting epoch 8
	- loss = 0.15639371137754224
  	- val_loss = 0.23951326437698736
  	- acc = (0.7160695380718868, 0.9518772686025408, 0.83397340331017)
  	- val_acc = (0.6101662665605545, 0.9255058094859123, 0.7678360372781754)
 
Starting epoch 9
	- loss = 0.14633977464769096
  	- val_loss = 0.24075968342171752
  	- acc = (0.7308235567624253, 0.9566683411165504, 0.8437459489394878)
  	- val_acc = (0.612064303457737, 0.9268429487943649, 0.769453626871109)
 
Starting epoch 10
	- loss = 0.13745724130278197
  	- val_loss = 0.25161546393603007
  	- acc = (0.7516096275428246, 0.9587681488203267, 0.855188888127488)
  	- val_acc = (0.610697115957737, 0.9229667469859123, 0.7668319314718246)
 
Starting epoch 11
	- loss = 0.13015956393360797
  	- val_loss = 0.26538982188194
  	- acc = (0.7634050104016618, 0.9619117837852229, 0.8626583970393547)
  	- val_acc = (0.611478365957737, 0.9183343350887299, 0.7649063497781754)
 
Starting epoch 12
	- loss = 0.12124159752268741
  	- val_loss = 0.2594506702194431
  	- acc = (0.7780428982040627, 0.9655172413793104, 0.8717800697916865)
  	- val_acc = (0.6219150647521019, 0.9212640225887299, 0.7715895444154739)
 
Finished Training
Saved loss graph with filename: Loss_graph_config_combined_bal_aug_valattention_2023-05-18_13-06-33_814758.png
Saved acc graph with filename: acc_race_graph_config_combined_bal_aug_valattention_2023-05-18_13-06-33_814758.png
Saved acc graph with filename: acc_gender_graph_config_combined_bal_aug_valattention_2023-05-18_13-06-33_814758.png
Saved acc graph with filename: acc_combined_graph_config_combined_bal_aug_valattention_2023-05-18_13-06-33_814758.png
Time in minutes for training 13 epochs:
101.81425598065059
